PLINK v1.90b6.23 64-bit (28 May 2021)
Options in effect:
  --allow-extra-chr
  --make-bed
  --out ./out.7
  --vcf ./out.7.phased.vcf.gz

Hostname: himem04.cluster
Working directory: /home/sgurr/Airradians_lcWGS/snakemake_pipeline/angsd/output/everyone/vcf/03_prune
Start time: Thu Nov 21 13:36:10 2024

Random number seed: 1732224970
1546362 MB RAM detected; reserving 773181 MB for main workspace.
--vcf: ./out.7-temporary.bed + ./out.7-temporary.bim + ./out.7-temporary.fam
written.
2947 variants loaded from .bim file.
391 people (0 males, 0 females, 391 ambiguous) loaded from .fam.
Ambiguous sex IDs written to ./out.7.nosex .
Using 1 thread (no multithreaded calculations invoked).
Before main variant filters, 391 founders and 0 nonfounders present.
Calculating allele frequencies... done.
Total genotyping rate is exactly 1.
2947 variants and 391 people pass filters and QC.
Note: No phenotypes present.
--make-bed to ./out.7.bed + ./out.7.bim + ./out.7.fam ... done.

End time: Thu Nov 21 13:36:10 2024
